<?xml version="1.0" encoding="UTF-8"?>
<testng-results ignored="0" total="2" passed="1" failed="1" skipped="0">
  <reporter-output>
    <line>
      <![CDATA[empty browser launched]]>
    </line>
    <line>
      <![CDATA[Browser Windows]]>
    </line>
    <line>
      <![CDATA[QAVBOX Demo]]>
    </line>
    <line>
      <![CDATA[This is failed log from reporter.log]]>
    </line>
    <line>
      <![CDATA[ <a href='E:\java installation\TestNGCustomReoprt\screen_MavenParamTest_fail.png'> <img src='E:\java installation\TestNGCustomReoprt\screen_MavenParamTest_fail.png' height='200' width='200'/> </a>  ]]>
    </line>
  </reporter-output>
  <suite started-at="2021-11-26T09:51:30 IST" name="Default suite" finished-at="2021-11-26T09:51:41 IST" duration-ms="10531">
    <groups>
    </groups>
    <test started-at="2021-11-26T09:51:30 IST" name="Default test" finished-at="2021-11-26T09:51:41 IST" duration-ms="10531">
      <class name="testNgLearning.reporterLog.SeleniumTest">
        <test-method is-config="true" signature="setup()[pri:0, instance:testNgLearning.reporterLog.SeleniumTest@2c35e847]" started-at="2021-11-26T09:51:30 IST" name="setup" finished-at="2021-11-26T09:51:36 IST" duration-ms="5856" status="PASS">
          <reporter-output>
            <line>
              <![CDATA[empty browser launched]]>
            </line>
          </reporter-output>
        </test-method> <!-- setup -->
        <test-method signature="MavenParamTest()[pri:0, instance:testNgLearning.reporterLog.SeleniumTest@2c35e847]" started-at="2021-11-26T09:51:36 IST" name="MavenParamTest" finished-at="2021-11-26T09:51:40 IST" duration-ms="3582" status="PASS">
          <reporter-output>
            <line>
              <![CDATA[Browser Windows]]>
            </line>
          </reporter-output>
        </test-method> <!-- MavenParamTest -->
        <test-method is-config="true" signature="failureSetup(org.testng.ITestResult)[pri:0, instance:testNgLearning.reporterLog.SeleniumTest@2c35e847]" started-at="2021-11-26T09:51:40 IST" name="failureSetup" finished-at="2021-11-26T09:51:40 IST" duration-ms="7" status="PASS">
          <params>
            <param index="0">
              <value>
                <![CDATA[[TestResult name=MavenParamTest status=SUCCESS method=SeleniumTest.MavenParamTest()[pri:0, instance:testNgLearning.reporterLog.SeleniumTest@2c35e847] output=Browser Windows]]]>
              </value>
            </param>
          </params>
          <reporter-output>
          </reporter-output>
        </test-method> <!-- failureSetup -->
        <test-method signature="MavenParamTest_fail()[pri:0, instance:testNgLearning.reporterLog.SeleniumTest@2c35e847]" started-at="2021-11-26T09:51:40 IST" name="MavenParamTest_fail" finished-at="2021-11-26T09:51:40 IST" duration-ms="774" status="FAIL">
          <exception class="java.lang.AssertionError">
            <message>
              <![CDATA[null]]>
            </message>
            <full-stacktrace>
              <![CDATA[java.lang.AssertionError: null
at org.testng.Assert.fail(Assert.java:99)
at org.testng.Assert.fail(Assert.java:106)
at testNgLearning.reporterLog.SeleniumTest.MavenParamTest_fail(SeleniumTest.java:27)
at java.base/jdk.internal.reflect.NativeMethodAccessorImpl.invoke0(Native Method)
at java.base/jdk.internal.reflect.NativeMethodAccessorImpl.invoke(NativeMethodAccessorImpl.java:77)
at java.base/jdk.internal.reflect.DelegatingMethodAccessorImpl.invoke(DelegatingMethodAccessorImpl.java:43)
at java.base/java.lang.reflect.Method.invoke(Method.java:568)
at org.testng.internal.MethodInvocationHelper.invokeMethod(MethodInvocationHelper.java:133)
at org.testng.internal.TestInvoker.invokeMethod(TestInvoker.java:598)
at org.testng.internal.TestInvoker.invokeTestMethod(TestInvoker.java:173)
at org.testng.internal.MethodRunner.runInSequence(MethodRunner.java:46)
at org.testng.internal.TestInvoker$MethodInvocationAgent.invoke(TestInvoker.java:824)
at org.testng.internal.TestInvoker.invokeTestMethods(TestInvoker.java:146)
at org.testng.internal.TestMethodWorker.invokeTestMethods(TestMethodWorker.java:146)
at org.testng.internal.TestMethodWorker.run(TestMethodWorker.java:128)
at java.base/java.util.ArrayList.forEach(ArrayList.java:1511)
at org.testng.TestRunner.privateRun(TestRunner.java:794)
at org.testng.TestRunner.run(TestRunner.java:596)
at org.testng.SuiteRunner.runTest(SuiteRunner.java:377)
at org.testng.SuiteRunner.runSequentially(SuiteRunner.java:371)
at org.testng.SuiteRunner.privateRun(SuiteRunner.java:332)
at org.testng.SuiteRunner.run(SuiteRunner.java:276)
at org.testng.SuiteRunnerWorker.runSuite(SuiteRunnerWorker.java:53)
at org.testng.SuiteRunnerWorker.run(SuiteRunnerWorker.java:96)
at org.testng.TestNG.runSuitesSequentially(TestNG.java:1212)
at org.testng.TestNG.runSuitesLocally(TestNG.java:1134)
at org.testng.TestNG.runSuites(TestNG.java:1063)
at org.testng.TestNG.run(TestNG.java:1031)
at org.testng.remote.AbstractRemoteTestNG.run(AbstractRemoteTestNG.java:115)
at org.testng.remote.RemoteTestNG.initAndRun(RemoteTestNG.java:251)
at org.testng.remote.RemoteTestNG.main(RemoteTestNG.java:77)
]]>
            </full-stacktrace>
          </exception> <!-- java.lang.AssertionError -->
          <reporter-output>
            <line>
              <![CDATA[QAVBOX Demo]]>
            </line>
            <line>
              <![CDATA[This is failed log from reporter.log]]>
            </line>
            <line>
              <![CDATA[ <a href='E:\java installation\TestNGCustomReoprt\screen_MavenParamTest_fail.png'> <img src='E:\java installation\TestNGCustomReoprt\screen_MavenParamTest_fail.png' height='200' width='200'/> </a>  ]]>
            </line>
          </reporter-output>
        </test-method> <!-- MavenParamTest_fail -->
        <test-method is-config="true" signature="failureSetup(org.testng.ITestResult)[pri:0, instance:testNgLearning.reporterLog.SeleniumTest@2c35e847]" started-at="2021-11-26T09:51:40 IST" name="failureSetup" finished-at="2021-11-26T09:51:41 IST" duration-ms="215" status="PASS">
          <params>
            <param index="0">
              <value>
                <![CDATA[[TestResult name=MavenParamTest_fail status=FAILURE method=SeleniumTest.MavenParamTest_fail()[pri:0, instance:testNgLearning.reporterLog.SeleniumTest@2c35e847] output=QAVBOX Demo]]]>
              </value>
            </param>
          </params>
          <reporter-output>
          </reporter-output>
        </test-method> <!-- failureSetup -->
      </class> <!-- testNgLearning.reporterLog.SeleniumTest -->
    </test> <!-- Default test -->
  </suite> <!-- Default suite -->
</testng-results>
